<?xml version="1.0" encoding="utf-8"?><testsuites name="pytest tests"><testsuite name="pytest" errors="0" failures="0" skipped="0" tests="18" time="3.257" timestamp="2026-04-29T20:42:43.118751+00:00" hostname="agent-env-c80ef1bd-7136-4344-9629-c6199f334560"><testcase classname="backend.tests.backend_test" name="test_pin_correct_2904" time="0.274" /><testcase classname="backend.tests.backend_test" name="test_pin_old_1234_rejected" time="0.083" /><testcase classname="backend.tests.backend_test" name="test_pin_wrong" time="0.068" /><testcase classname="backend.tests.backend_test" name="test_specialist_login_valid_returns_branch" time="0.075" /><testcase classname="backend.tests.backend_test" name="test_specialist_login_all_codes" time="0.281" /><testcase classname="backend.tests.backend_test" name="test_specialist_login_invalid" time="0.101" /><testcase classname="backend.tests.backend_test" name="test_specialist_login_empty" time="0.177" /><testcase classname="backend.tests.backend_test" name="test_list_branches_seeded_three" time="0.069" /><testcase classname="backend.tests.backend_test" name="test_branch_create_update_delete" time="0.400" /><testcase classname="backend.tests.backend_test" name="test_branch_delete_blocked_if_has_specialists" time="0.070" /><testcase classname="backend.tests.backend_test" name="test_branch_delete_blocked_if_only_appointments" time="0.064" /><testcase classname="backend.tests.backend_test" name="test_branch_update_404" time="0.070" /><testcase classname="backend.tests.backend_test" name="test_branch_delete_404" time="0.068" /><testcase classname="backend.tests.backend_test" name="test_specialists_filter_by_branch" time="0.294" /><testcase classname="backend.tests.backend_test" name="test_create_specialist_with_branch_id" time="0.197" /><testcase classname="backend.tests.backend_test" name="test_appointment_auto_branch_and_filter" time="0.456" /><testcase classname="backend.tests.backend_test" name="test_list_services_seeded" time="0.096" /><testcase classname="backend.tests.backend_test" name="test_service_crud" time="0.220" /></testsuite></testsuites>